2026-06-18T17:35:14.935Z [ERROR]: querySrv ECONNREFUSED _mongodb._tcp.cluster0.4nun8w9.mongodb.net
2026-06-18T17:36:41.791Z [ERROR]: querySrv ECONNREFUSED _mongodb._tcp.cluster0.4nun8w9.mongodb.net
2026-06-18T17:36:41.791Z [ERROR]: querySrv ECONNREFUSED _mongodb._tcp.cluster0.4nun8w9.mongodb.net
2026-06-18T17:37:27.291Z [ERROR]: querySrv ECONNREFUSED _mongodb._tcp.cluster0.4nun8w9.mongodb.net
2026-06-18T17:37:27.291Z [ERROR]: querySrv ECONNREFUSED _mongodb._tcp.cluster0.4nun8w9.mongodb.net
2026-06-18T17:38:26.820Z [ERROR]: querySrv ECONNREFUSED _mongodb._tcp.cluster0.4nun8w9.mongodb.net
2026-06-18T17:38:26.820Z [ERROR]: querySrv ECONNREFUSED _mongodb._tcp.cluster0.4nun8w9.mongodb.net
2026-06-18T17:49:29.381Z [ERROR]: querySrv ECONNREFUSED _mongodb._tcp.cluster0.4nun8w9.mongodb.net
2026-06-18T17:51:15.494Z [ERROR]: querySrv ECONNREFUSED _mongodb._tcp.cluster0.4nun8w9.mongodb.net
2026-06-20T05:44:09.052Z [INFO]: Database connected
2026-06-20T05:44:09.070Z [INFO]: server running on port 8000
2026-06-20T05:45:31.207Z [INFO]: Database connected
2026-06-20T05:45:31.212Z [INFO]: server running on port 8000
2026-06-20T05:45:35.080Z [INFO]: Database connected
2026-06-20T05:45:35.088Z [INFO]: server running on port 8000
2026-06-20T06:07:06.202Z [INFO]: Database connected
2026-06-20T06:07:06.210Z [INFO]: server running on port 8000
2026-06-20T06:09:35.630Z [INFO]: Database connected
2026-06-20T06:09:35.637Z [INFO]: server running on port 8000
2026-06-20T06:09:38.615Z [INFO]: Database connected
2026-06-20T06:09:38.624Z [INFO]: server running on port 8000
2026-06-20T06:13:02.462Z [INFO]: OHHH YEAHHHH Database connected
2026-06-20T06:13:02.469Z [INFO]: server running on port 8000
2026-06-20T06:13:08.387Z [INFO]: OHHH YEAHHHH Database connected
2026-06-20T06:13:08.393Z [INFO]: server running on port 8000
2026-06-20T06:14:30.201Z [INFO]: OHHH YEAHHHH Database connected
2026-06-20T06:14:30.205Z [INFO]: server yha running on port 8000
2026-06-20T06:14:33.466Z [INFO]: OHHH YEAHHHH Database connected
2026-06-20T06:14:33.470Z [INFO]: server yha runn on port 8000
2026-06-20T06:14:35.208Z [INFO]: OHHH YEAHHHH Database connected
2026-06-20T06:14:35.216Z [INFO]: server yha runn  8000
2026-06-20T06:14:48.538Z [INFO]: OHHH YEAHHHH Database connected
2026-06-20T06:14:48.542Z [INFO]: server RUNNING ka liye iss PORT par aaye 8000
2026-06-20T06:16:15.992Z [INFO]: OHHH YEAHHHH Database connected
2026-06-20T06:16:15.999Z [INFO]: server RUNNING ka liye iss PORT par aaye 8000
2026-06-20T06:16:21.941Z [INFO]: OHHH YEAHHHH Database connected
2026-06-20T06:16:21.949Z [INFO]: server RUNNING ka liye iss PORT par aaye 8000
2026-06-20T06:29:41.971Z [INFO]: OHHH YEAHHHH Database connected
2026-06-20T06:29:41.980Z [INFO]: server RUNNING ka liye iss PORT par aaye 8000
2026-06-20T07:07:53.487Z [INFO]: OHHH YEAHHHH Database connected
2026-06-20T07:07:53.499Z [INFO]: server RUNNING ka liye iss PORT par aaye 8000
2026-06-20T07:09:31.109Z [INFO]: OHHH YEAHHHH Database connected
2026-06-20T07:09:31.114Z [INFO]: server RUNNING ka liye iss PORT par aaye 8000
2026-06-20T07:09:37.923Z [INFO]: OHHH YEAHHHH Database connected
2026-06-20T07:09:37.933Z [INFO]: server RUNNING ka liye iss PORT par aaye 8000
2026-06-20T07:12:14.552Z [INFO]: OHHH YEAHHHH Database connected
2026-06-20T07:12:14.561Z [INFO]: server RUNNING ka liye iss PORT par aaye 8000
2026-06-20T07:14:28.906Z [INFO]: OHHH YEAHHHH Database connected
2026-06-20T07:14:28.915Z [INFO]: server RUNNING ka liye iss PORT par aaye 8000
2026-06-20T07:14:56.137Z [INFO]: OHHH YEAHHHH Database connected
2026-06-20T07:14:56.142Z [INFO]: server RUNNING ka liye iss PORT par aaye 8000
2026-06-20T07:16:38.300Z [INFO]: OHHH YEAHHHH Database connected
2026-06-20T07:16:38.309Z [INFO]: server RUNNING ka liye iss PORT par aaye 8000
2026-06-20T07:49:55.405Z [INFO]: Campaign Processing...
2026-06-20T07:49:55.405Z [INFO]: {"campaignId":"6a364623b11055ceee1d639c","template":"Hello HR Team,\n\nI am applying for the Software Development Engineer role. I have strong experience building full-stack applications using React, Node.js, Express, and MongoDB. Please find my application attached.\n\nBest Regards,\nLucky","recruiterEmails":["luckyyadav61715@gmail.com"]}
2026-06-20T07:49:55.405Z [INFO]: Sending email to luckyyadav61715@gmail.com
2026-06-20T07:49:56.715Z [INFO]: Job 1 completed
2026-06-20T07:57:33.916Z [INFO]: OHHH YEAHHHH Database connected
2026-06-20T07:57:33.921Z [INFO]: server RUNNING ka liye iss PORT par aaye 8000
2026-06-20T07:58:40.129Z [INFO]: Campaign Processing...
2026-06-20T07:58:40.130Z [INFO]: {"campaignId":"6a36483065733130cb17c2fa","template":"Hello HR Team,\n\nI am applying for the Software Development Engineer role. I have strong experience building full-stack applications using React, Node.js, Express, and MongoDB. Please find my application attached.\n\nBest Regards,\nLucky","recruiterEmails":["luckyyadav61715@gmail.com"]}
2026-06-20T07:58:40.130Z [INFO]: Sending email to luckyyadav61715@gmail.com
2026-06-20T07:58:44.881Z [INFO]: Job 2 completed
2026-06-25T08:19:45.253Z [INFO]: OHHH YEAHHHH Database connected
2026-06-25T08:19:45.272Z [INFO]: server RUNNING ka liye iss PORT par aaye 8000
2026-06-25T08:36:01.924Z [INFO]: OHHH YEAHHHH Database connected
2026-06-25T08:36:01.946Z [INFO]: server RUNNING ka liye iss PORT par aaye 8000
